<?xml version="1.0" encoding="UTF-8"?>
<!-- Generated by org.testng.reporters.JUnitReportReporter -->
<testsuite skipped="0" hostname="DESKTOP-1CAG08S" name="tests.OfficeBattleTest" tests="1" failures="0" timestamp="2022-04-27T22:10:28 IST" time="11.297" errors="0">
  <testcase name="chooseOfficeBattleAndPerformChallenge" time="11.297" classname="tests.OfficeBattleTest"/>
  <system-out/>
</testsuite> <!-- tests.OfficeBattleTest -->
