<?xml version="1.0" encoding="UTF-8"?>
<!-- Generated by org.testng.reporters.JUnitReportReporter -->
<testsuite skipped="0" hostname="DESKTOP-1CAG08S" name="tests.LoginAndRegisterTest" tests="2" failures="0" timestamp="2022-04-27T22:10:28 IST" time="11.984" errors="0">
  <testcase name="userCreationWithUserNameAndPassword" time="3.015" classname="tests.LoginAndRegisterTest"/>
  <system-out/>
  <testcase name="loginWithUserNameAndPassword" time="8.969" classname="tests.LoginAndRegisterTest"/>
  <system-out/>
</testsuite> <!-- tests.LoginAndRegisterTest -->
